# JRE version: Java(TM) SE Runtime Environment (8.0_05-b13) (build 1.8.0_05-b13)
# Java VM: Java HotSpot(TM) 64-Bit Server VM (25.5-b02 mixed mode windows-amd64 compressed oops)
Heap:
 PSYoungGen      total 92160K, used 9830K [0x00000000f5580000, 0x00000000fba80000, 0x0000000100000000)
  eden space 83968K, 8% used [0x00000000f5580000,0x00000000f5c3be18,0x00000000fa780000)
  from space 8192K, 35% used [0x00000000fb280000,0x00000000fb55db38,0x00000000fba80000)
  to   space 9728K, 0% used [0x00000000fa780000,0x00000000fa780000,0x00000000fb100000)
 ParOldGen       total 260608K, used 42640K [0x00000000e0000000, 0x00000000efe80000, 0x00000000f5580000)
  object space 260608K, 16% used [0x00000000e0000000,0x00000000e29a4188,0x00000000efe80000)
 Metaspace       used 65815K, capacity 70834K, committed 71040K, reserved 1110016K
  class space    used 9441K, capacity 10262K, committed 10368K, reserved 1048576K
GC Heap History (10 events):
Event: 43.439 GC heap before
{Heap before GC invocations=55 (full 3):
 PSYoungGen      total 75776K, used 75760K [0x00000000f5580000, 0x00000000fad00000, 0x0000000100000000)
  eden space 69632K, 100% used [0x00000000f5580000,0x00000000f9980000,0x00000000f9980000)
  from space 6144K, 99% used [0x00000000f9980000,0x00000000f9f7c010,0x00000000f9f80000)
  to   space 7168K, 0% used [0x00000000fa600000,0x00000000fa600000,0x00000000fad00000)
 ParOldGen       total 260608K, used 30481K [0x00000000e0000000, 0x00000000efe80000, 0x00000000f5580000)
  object space 260608K, 11% used [0x00000000e0000000,0x00000000e1dc4420,0x00000000efe80000)
 Metaspace       used 58940K, capacity 63410K, committed 63616K, reserved 1103872K
  class space    used 8592K, capacity 9305K, committed 9344K, reserved 1048576K
Event: 43.444 GC heap after
Heap after GC invocations=55 (full 3):
 PSYoungGen      total 81408K, used 3264K [0x00000000f5580000, 0x00000000fac80000, 0x0000000100000000)
  eden space 74752K, 0% used [0x00000000f5580000,0x00000000f5580000,0x00000000f9e80000)
  from space 6656K, 49% used [0x00000000fa600000,0x00000000fa930000,0x00000000fac80000)
  to   space 7168K, 0% used [0x00000000f9e80000,0x00000000f9e80000,0x00000000fa580000)
 ParOldGen       total 260608K, used 32938K [0x00000000e0000000, 0x00000000efe80000, 0x00000000f5580000)
  object space 260608K, 12% used [0x00000000e0000000,0x00000000e202a9b0,0x00000000efe80000)
 Metaspace       used 58940K, capacity 63410K, committed 63616K, reserved 1103872K
  class space    used 8592K, capacity 9305K, committed 9344K, reserved 1048576K
}
Event: 44.003 GC heap before
{Heap before GC invocations=56 (full 3):
 PSYoungGen      total 81408K, used 78016K [0x00000000f5580000, 0x00000000fac80000, 0x0000000100000000)
  eden space 74752K, 100% used [0x00000000f5580000,0x00000000f9e80000,0x00000000f9e80000)
  from space 6656K, 49% used [0x00000000fa600000,0x00000000fa930000,0x00000000fac80000)
  to   space 7168K, 0% used [0x00000000f9e80000,0x00000000f9e80000,0x00000000fa580000)
 ParOldGen       total 260608K, used 32938K [0x00000000e0000000, 0x00000000efe80000, 0x00000000f5580000)
  object space 260608K, 12% used [0x00000000e0000000,0x00000000e202a9b0,0x00000000efe80000)
 Metaspace       used 59891K, capacity 64288K, committed 64512K, reserved 1103872K
  class space    used 8723K, capacity 9437K, committed 9472K, reserved 1048576K
Event: 44.010 GC heap after
Heap after GC invocations=56 (full 3):
 PSYoungGen      total 81920K, used 7140K [0x00000000f5580000, 0x00000000fb480000, 0x0000000100000000)
  eden space 74752K, 0% used [0x00000000f5580000,0x00000000f5580000,0x00000000f9e80000)
  from space 7168K, 99% used [0x00000000f9e80000,0x00000000fa579158,0x00000000fa580000)
  to   space 8192K, 0% used [0x00000000fac80000,0x00000000fac80000,0x00000000fb480000)
 ParOldGen       total 260608K, used 32970K [0x00000000e0000000, 0x00000000efe80000, 0x00000000f5580000)
  object space 260608K, 12% used [0x00000000e0000000,0x00000000e20329b0,0x00000000efe80000)
 Metaspace       used 59891K, capacity 64288K, committed 64512K, reserved 1103872K
  class space    used 8723K, capacity 9437K, committed 9472K, reserved 1048576K
}
Event: 45.898 GC heap before
{Heap before GC invocations=57 (full 3):
 PSYoungGen      total 81920K, used 81892K [0x00000000f5580000, 0x00000000fb480000, 0x0000000100000000)
  eden space 74752K, 100% used [0x00000000f5580000,0x00000000f9e80000,0x00000000f9e80000)
  from space 7168K, 99% used [0x00000000f9e80000,0x00000000fa579158,0x00000000fa580000)
  to   space 8192K, 0% used [0x00000000fac80000,0x00000000fac80000,0x00000000fb480000)
 ParOldGen       total 260608K, used 32970K [0x00000000e0000000, 0x00000000efe80000, 0x00000000f5580000)
  object space 260608K, 12% used [0x00000000e0000000,0x00000000e20329b0,0x00000000efe80000)
 Metaspace       used 61696K, capacity 66218K, committed 66304K, reserved 1105920K
  class space    used 8994K, capacity 9698K, committed 9728K, reserved 1048576K
Event: 45.906 GC heap after
Heap after GC invocations=57 (full 3):
 PSYoungGen      total 87040K, used 8184K [0x00000000f5580000, 0x00000000fb800000, 0x0000000100000000)
  eden space 78848K, 0% used [0x00000000f5580000,0x00000000f5580000,0x00000000fa280000)
  from space 8192K, 99% used [0x00000000fac80000,0x00000000fb47e3d0,0x00000000fb480000)
  to   space 10240K, 0% used [0x00000000fa280000,0x00000000fa280000,0x00000000fac80000)
 ParOldGen       total 260608K, used 35650K [0x00000000e0000000, 0x00000000efe80000, 0x00000000f5580000)
  object space 260608K, 13% used [0x00000000e0000000,0x00000000e22d09b0,0x00000000efe80000)
 Metaspace       used 61696K, capacity 66218K, committed 66304K, reserved 1105920K
  class space    used 8994K, capacity 9698K, committed 9728K, reserved 1048576K
}
Event: 46.434 GC heap before
{Heap before GC invocations=58 (full 3):
 PSYoungGen      total 87040K, used 87032K [0x00000000f5580000, 0x00000000fb800000, 0x0000000100000000)
  eden space 78848K, 100% used [0x00000000f5580000,0x00000000fa280000,0x00000000fa280000)
  from space 8192K, 99% used [0x00000000fac80000,0x00000000fb47e3d0,0x00000000fb480000)
  to   space 10240K, 0% used [0x00000000fa280000,0x00000000fa280000,0x00000000fac80000)
 ParOldGen       total 260608K, used 35650K [0x00000000e0000000, 0x00000000efe80000, 0x00000000f5580000)
  object space 260608K, 13% used [0x00000000e0000000,0x00000000e22d09b0,0x00000000efe80000)
 Metaspace       used 64121K, capacity 68712K, committed 68864K, reserved 1107968K
  class space    used 9205K, capacity 9904K, committed 9984K, reserved 1048576K
Event: 46.439 GC heap after
Heap after GC invocations=58 (full 3):
 PSYoungGen      total 89088K, used 1009K [0x00000000f5580000, 0x00000000fbc80000, 0x0000000100000000)
  eden space 78848K, 0% used [0x00000000f5580000,0x00000000f5580000,0x00000000fa280000)
  from space 10240K, 9% used [0x00000000fa280000,0x00000000fa37c670,0x00000000fac80000)
  to   space 10240K, 0% used [0x00000000fb280000,0x00000000fb280000,0x00000000fbc80000)
 ParOldGen       total 260608K, used 42632K [0x00000000e0000000, 0x00000000efe80000, 0x00000000f5580000)
  object space 260608K, 16% used [0x00000000e0000000,0x00000000e29a2188,0x00000000efe80000)
 Metaspace       used 64121K, capacity 68712K, committed 68864K, reserved 1107968K
  class space    used 9205K, capacity 9904K, committed 9984K, reserved 1048576K
}
Event: 99.699 GC heap before
{Heap before GC invocations=59 (full 3):
 PSYoungGen      total 89088K, used 79857K [0x00000000f5580000, 0x00000000fbc80000, 0x0000000100000000)
  eden space 78848K, 100% used [0x00000000f5580000,0x00000000fa280000,0x00000000fa280000)
  from space 10240K, 9% used [0x00000000fa280000,0x00000000fa37c670,0x00000000fac80000)
  to   space 10240K, 0% used [0x00000000fb280000,0x00000000fb280000,0x00000000fbc80000)
 ParOldGen       total 260608K, used 42632K [0x00000000e0000000, 0x00000000efe80000, 0x00000000f5580000)
  object space 260608K, 16% used [0x00000000e0000000,0x00000000e29a2188,0x00000000efe80000)
 Metaspace       used 65673K, capacity 70654K, committed 70912K, reserved 1110016K
  class space    used 9421K, capacity 10220K, committed 10240K, reserved 1048576K
Event: 99.702 GC heap after
Heap after GC invocations=59 (full 3):
 PSYoungGen      total 92160K, used 2934K [0x00000000f5580000, 0x00000000fba80000, 0x0000000100000000)
  eden space 83968K, 0% used [0x00000000f5580000,0x00000000f5580000,0x00000000fa780000)
  from space 8192K, 35% used [0x00000000fb280000,0x00000000fb55db38,0x00000000fba80000)
  to   space 9728K, 0% used [0x00000000fa780000,0x00000000fa780000,0x00000000fb100000)
 ParOldGen       total 260608K, used 42640K [0x00000000e0000000, 0x00000000efe80000, 0x00000000f5580000)
  object space 260608K, 16% used [0x00000000e0000000,0x00000000e29a4188,0x00000000efe80000)
 Metaspace       used 65673K, capacity 70654K, committed 70912K, reserved 1110016K
  class space    used 9421K, capacity 10220K, committed 10240K, reserved 1048576K
}

