# JRE version: Java(TM) SE Runtime Environment (8.0_05-b13) (build 1.8.0_05-b13)
# Java VM: Java HotSpot(TM) 64-Bit Server VM (25.5-b02 mixed mode windows-amd64 compressed oops)
Heap:
 PSYoungGen      total 105984K, used 19154K [0x00000000f5580000, 0x00000000fd380000, 0x0000000100000000)
  eden space 96256K, 9% used [0x00000000f5580000,0x00000000f5ebc1f8,0x00000000fb380000)
  from space 9728K, 99% used [0x00000000fca00000,0x00000000fd378678,0x00000000fd380000)
  to   space 8704K, 0% used [0x00000000fb380000,0x00000000fb380000,0x00000000fbc00000)
 ParOldGen       total 260608K, used 16124K [0x00000000e0000000, 0x00000000efe80000, 0x00000000f5580000)
  object space 260608K, 6% used [0x00000000e0000000,0x00000000e0fbf178,0x00000000efe80000)
 Metaspace       used 45951K, capacity 49186K, committed 49408K, reserved 1091584K
  class space    used 6849K, capacity 7383K, committed 7424K, reserved 1048576K
GC Heap History (10 events):
Event: 3.476 GC heap before
{Heap before GC invocations=22 (full 1):
 PSYoungGen      total 88064K, used 29430K [0x00000000f5580000, 0x00000000fb880000, 0x0000000100000000)
  eden space 81920K, 28% used [0x00000000f5580000,0x00000000f6c3edb8,0x00000000fa580000)
  from space 6144K, 99% used [0x00000000fae00000,0x00000000fb3feb68,0x00000000fb400000)
  to   space 8704K, 0% used [0x00000000fa580000,0x00000000fa580000,0x00000000fae00000)
 ParOldGen       total 260608K, used 13683K [0x00000000e0000000, 0x00000000efe80000, 0x00000000f5580000)
  object space 260608K, 5% used [0x00000000e0000000,0x00000000e0d5cf20,0x00000000efe80000)
 Metaspace       used 33575K, capacity 35074K, committed 35220K, reserved 1079296K
  class space    used 4868K, capacity 5112K, committed 5120K, reserved 1048576K
Event: 3.482 GC heap after
Heap after GC invocations=22 (full 1):
 PSYoungGen      total 90624K, used 1920K [0x00000000f5580000, 0x00000000fc700000, 0x0000000100000000)
  eden space 81920K, 0% used [0x00000000f5580000,0x00000000f5580000,0x00000000fa580000)
  from space 8704K, 22% used [0x00000000fa580000,0x00000000fa760010,0x00000000fae00000)
  to   space 8192K, 0% used [0x00000000fbf00000,0x00000000fbf00000,0x00000000fc700000)
 ParOldGen       total 260608K, used 19346K [0x00000000e0000000, 0x00000000efe80000, 0x00000000f5580000)
  object space 260608K, 7% used [0x00000000e0000000,0x00000000e12e4910,0x00000000efe80000)
 Metaspace       used 33575K, capacity 35074K, committed 35220K, reserved 1079296K
  class space    used 4868K, capacity 5112K, committed 5120K, reserved 1048576K
}
Event: 3.482 GC heap before
{Heap before GC invocations=23 (full 2):
 PSYoungGen      total 90624K, used 1920K [0x00000000f5580000, 0x00000000fc700000, 0x0000000100000000)
  eden space 81920K, 0% used [0x00000000f5580000,0x00000000f5580000,0x00000000fa580000)
  from space 8704K, 22% used [0x00000000fa580000,0x00000000fa760010,0x00000000fae00000)
  to   space 8192K, 0% used [0x00000000fbf00000,0x00000000fbf00000,0x00000000fc700000)
 ParOldGen       total 260608K, used 19346K [0x00000000e0000000, 0x00000000efe80000, 0x00000000f5580000)
  object space 260608K, 7% used [0x00000000e0000000,0x00000000e12e4910,0x00000000efe80000)
 Metaspace       used 33575K, capacity 35074K, committed 35220K, reserved 1079296K
  class space    used 4868K, capacity 5112K, committed 5120K, reserved 1048576K
Event: 3.520 GC heap after
Heap after GC invocations=23 (full 2):
 PSYoungGen      total 90624K, used 0K [0x00000000f5580000, 0x00000000fc700000, 0x0000000100000000)
  eden space 81920K, 0% used [0x00000000f5580000,0x00000000f5580000,0x00000000fa580000)
  from space 8704K, 0% used [0x00000000fa580000,0x00000000fa580000,0x00000000fae00000)
  to   space 8192K, 0% used [0x00000000fbf00000,0x00000000fbf00000,0x00000000fc700000)
 ParOldGen       total 260608K, used 14996K [0x00000000e0000000, 0x00000000efe80000, 0x00000000f5580000)
  object space 260608K, 5% used [0x00000000e0000000,0x00000000e0ea50d0,0x00000000efe80000)
 Metaspace       used 33573K, capacity 35072K, committed 35220K, reserved 1079296K
  class space    used 4868K, capacity 5111K, committed 5120K, reserved 1048576K
}
Event: 3.994 GC heap before
{Heap before GC invocations=24 (full 2):
 PSYoungGen      total 90624K, used 81920K [0x00000000f5580000, 0x00000000fc700000, 0x0000000100000000)
  eden space 81920K, 100% used [0x00000000f5580000,0x00000000fa580000,0x00000000fa580000)
  from space 8704K, 0% used [0x00000000fa580000,0x00000000fa580000,0x00000000fae00000)
  to   space 8192K, 0% used [0x00000000fbf00000,0x00000000fbf00000,0x00000000fc700000)
 ParOldGen       total 260608K, used 14996K [0x00000000e0000000, 0x00000000efe80000, 0x00000000f5580000)
  object space 260608K, 5% used [0x00000000e0000000,0x00000000e0ea50d0,0x00000000efe80000)
 Metaspace       used 37710K, capacity 39440K, committed 39680K, reserved 1083392K
  class space    used 5481K, capacity 5823K, committed 5888K, reserved 1048576K
Event: 3.999 GC heap after
Heap after GC invocations=24 (full 2):
 PSYoungGen      total 100864K, used 5136K [0x00000000f5580000, 0x00000000fc480000, 0x0000000100000000)
  eden space 95232K, 0% used [0x00000000f5580000,0x00000000f5580000,0x00000000fb280000)
  from space 5632K, 91% used [0x00000000fbf00000,0x00000000fc404340,0x00000000fc480000)
  to   space 8704K, 0% used [0x00000000fb380000,0x00000000fb380000,0x00000000fbc00000)
 ParOldGen       total 260608K, used 15004K [0x00000000e0000000, 0x00000000efe80000, 0x00000000f5580000)
  object space 260608K, 5% used [0x00000000e0000000,0x00000000e0ea70d0,0x00000000efe80000)
 Metaspace       used 37710K, capacity 39440K, committed 39680K, reserved 1083392K
  class space    used 5481K, capacity 5823K, committed 5888K, reserved 1048576K
}
Event: 4.563 GC heap before
{Heap before GC invocations=25 (full 2):
 PSYoungGen      total 100864K, used 100368K [0x00000000f5580000, 0x00000000fc480000, 0x0000000100000000)
  eden space 95232K, 100% used [0x00000000f5580000,0x00000000fb280000,0x00000000fb280000)
  from space 5632K, 91% used [0x00000000fbf00000,0x00000000fc404340,0x00000000fc480000)
  to   space 8704K, 0% used [0x00000000fb380000,0x00000000fb380000,0x00000000fbc00000)
 ParOldGen       total 260608K, used 15004K [0x00000000e0000000, 0x00000000efe80000, 0x00000000f5580000)
  object space 260608K, 5% used [0x00000000e0000000,0x00000000e0ea70d0,0x00000000efe80000)
 Metaspace       used 42731K, capacity 45060K, committed 45184K, reserved 1087488K
  class space    used 6289K, capacity 6738K, committed 6784K, reserved 1048576K
Event: 4.569 GC heap after
Heap after GC invocations=25 (full 2):
 PSYoungGen      total 104960K, used 7730K [0x00000000f5580000, 0x00000000fd380000, 0x0000000100000000)
  eden space 96256K, 0% used [0x00000000f5580000,0x00000000f5580000,0x00000000fb380000)
  from space 8704K, 88% used [0x00000000fb380000,0x00000000fbb0cac8,0x00000000fbc00000)
  to   space 9728K, 0% used [0x00000000fca00000,0x00000000fca00000,0x00000000fd380000)
 ParOldGen       total 260608K, used 15012K [0x00000000e0000000, 0x00000000efe80000, 0x00000000f5580000)
  object space 260608K, 5% used [0x00000000e0000000,0x00000000e0ea90d0,0x00000000efe80000)
 Metaspace       used 42731K, capacity 45060K, committed 45184K, reserved 1087488K
  class space    used 6289K, capacity 6738K, committed 6784K, reserved 1048576K
}
Event: 5.246 GC heap before
{Heap before GC invocations=26 (full 2):
 PSYoungGen      total 104960K, used 103986K [0x00000000f5580000, 0x00000000fd380000, 0x0000000100000000)
  eden space 96256K, 100% used [0x00000000f5580000,0x00000000fb380000,0x00000000fb380000)
  from space 8704K, 88% used [0x00000000fb380000,0x00000000fbb0cac8,0x00000000fbc00000)
  to   space 9728K, 0% used [0x00000000fca00000,0x00000000fca00000,0x00000000fd380000)
 ParOldGen       total 260608K, used 15012K [0x00000000e0000000, 0x00000000efe80000, 0x00000000f5580000)
  object space 260608K, 5% used [0x00000000e0000000,0x00000000e0ea90d0,0x00000000efe80000)
 Metaspace       used 45899K, capacity 49116K, committed 49408K, reserved 1091584K
  class space    used 6842K, capacity 7381K, committed 7424K, reserved 1048576K
Event: 5.256 GC heap after
Heap after GC invocations=26 (full 2):
 PSYoungGen      total 105984K, used 9697K [0x00000000f5580000, 0x00000000fd380000, 0x0000000100000000)
  eden space 96256K, 0% used [0x00000000f5580000,0x00000000f5580000,0x00000000fb380000)
  from space 9728K, 99% used [0x00000000fca00000,0x00000000fd378678,0x00000000fd380000)
  to   space 8704K, 0% used [0x00000000fb380000,0x00000000fb380000,0x00000000fbc00000)
 ParOldGen       total 260608K, used 16124K [0x00000000e0000000, 0x00000000efe80000, 0x00000000f5580000)
  object space 260608K, 6% used [0x00000000e0000000,0x00000000e0fbf178,0x00000000efe80000)
 Metaspace       used 45899K, capacity 49116K, committed 49408K, reserved 1091584K
  class space    used 6842K, capacity 7381K, committed 7424K, reserved 1048576K
}

